\BOOKMARK [1][-]{section.1}{Introducci\363n}{}% 1
\BOOKMARK [2][-]{subsection.1.1}{Introducci\363n}{section.1}% 2
\BOOKMARK [3][-]{subsubsection.1.1.1}{Interfaz del Usuario}{subsection.1.1}% 3
\BOOKMARK [3][-]{subsubsection.1.1.2}{Gestor de Recursos}{subsection.1.1}% 4
\BOOKMARK [3][-]{subsubsection.1.1.3}{M\341quina extendida}{subsection.1.1}% 5
\BOOKMARK [3][-]{subsubsection.1.1.4}{Estructura del Sistema Operativo}{subsection.1.1}% 6
\BOOKMARK [2][-]{subsection.1.2}{Ejecuci\363n As\355ncrona y Modular}{section.1}% 7
\BOOKMARK [3][-]{subsubsection.1.2.1}{Ejecuci\363n As\355ncrona}{subsection.1.2}% 8
\BOOKMARK [3][-]{subsubsection.1.2.2}{Interrupciones hardware}{subsection.1.2}% 9
\BOOKMARK [3][-]{subsubsection.1.2.3}{M\363dulos del kernel}{subsection.1.2}% 10
\BOOKMARK [3][-]{subsubsection.1.2.4}{Bibliotecas}{subsection.1.2}% 11
\BOOKMARK [1][-]{section.2}{Funcionamiento del Sistema Operativo}{}% 12
\BOOKMARK [2][-]{subsubsection.2.0.1}{Tratamiento de eventos}{section.2}% 13
\BOOKMARK [3][-]{subsubsection.2.0.2}{Proceso de arranque del sistema}{subsubsection.2.0.1}% 14
\BOOKMARK [2][-]{subsection.2.1}{Eventos}{section.2}% 15
\BOOKMARK [3][-]{subsubsection.2.1.1}{Llamadas al Sistema}{subsection.2.1}% 16
\BOOKMARK [3][-]{subsubsection.2.1.2}{Excepciones}{subsection.2.1}% 17
\BOOKMARK [3][-]{subsubsection.2.1.3}{Interrupciones software}{subsection.2.1}% 18
\BOOKMARK [3][-]{subsubsection.2.1.4}{Interrupciones hardware}{subsection.2.1}% 19
\BOOKMARK [2][-]{subsection.2.2}{Procesos del n\372cleo}{section.2}% 20
\BOOKMARK [1][-]{section.3}{Introducci\363n a la Gesti\363n de Procesos y Drivers}{}% 21
\BOOKMARK [2][-]{subsection.3.1}{Introducci\363n a Procesos y Perif\351ricos}{section.3}% 22
\BOOKMARK [3][-]{subsubsection.3.1.1}{Procesos}{subsection.3.1}% 23
\BOOKMARK [3][-]{subsubsection.3.1.2}{Perif\351ricos}{subsection.3.1}% 24
\BOOKMARK [2][-]{subsection.3.2}{C.C.V., C.C.I y Planificaci\363n}{section.3}% 25
\BOOKMARK [2][-]{subsection.3.3}{Drivers y Servicios Ampliados}{section.3}% 26
\BOOKMARK [1][-]{section.4}{Introducci\363n al Dise\361o de un Sistema de Ficheros}{}% 27
\BOOKMARK [1][-]{section.5}{Sistema de Memoria}{}% 28
\BOOKMARK [2][-]{subsection.5.1}{Introducci\363n al Sistema de Memoria}{section.5}% 29
\BOOKMARK [2][-]{subsection.5.2}{Gesti\363n de Memoria}{section.5}% 30
\BOOKMARK [1][-]{section.6}{Aspectos avanzados}{}% 31
